<?xml version="1.0" encoding="UTF-8"?>
<!-- Generated by org.testng.reporters.JUnitXMLReporter -->
<testsuite ignored="0" hostname="GODHEAVEN" failures="0" tests="3" name="Default test" time="29.835" errors="0" timestamp="2024-08-12T10:39:19 IST">
  <testcase classname="cucumber.api.testng.AbstractTestNGCucumberTests" name="runScenario" time="12.189"/>
  <testcase classname="cucumber.api.testng.AbstractTestNGCucumberTests" name="runScenario" time="8.464">
    <skipped/>
  </testcase> <!-- runScenario -->
  <testcase classname="cucumber.api.testng.AbstractTestNGCucumberTests" name="runScenario" time="8.559">
    <skipped/>
  </testcase> <!-- runScenario -->
</testsuite> <!-- Default test -->
