<!DOCTYPE html PUBLIC "-//W3C//DTD XHTML 1.1//EN" "https://www.w3.org/TR/xhtml11/DTD/xhtml11.dtd">
<html xmlns="https://www.w3.org/1999/xhtml">
<head>
<meta http-equiv="content-type" content="text/html; charset=UTF-8"/>
<title>TestNG Report</title>
<style type="text/css">table {margin-bottom:10px;border-collapse:collapse;empty-cells:show}th,td {border:1px solid #009;padding:.25em .5em}th {vertical-align:bottom}td {vertical-align:top}table a {font-weight:bold}.stripe td {background-color: #E6EBF9}.num {text-align:right}.passedodd td {background-color: #3F3}.passedeven td {background-color: #0A0}.skippedodd td {background-color: #DDD}.skippedeven td {background-color: #CCC}.failedodd td,.attn {background-color: #F33}.failedeven td,.stripe .attn {background-color: #D00}.stacktrace {white-space:pre;font-family:monospace}.totop {font-size:85%;text-align:center;border-bottom:2px solid #000}.invisible {display:none}</style>
</head>
<body>
<table>
<tr><th>Test</th><th># Passed</th><th># Skipped</th><th># Retried</th><th># Failed</th><th>Time (ms)</th><th>Included Groups</th><th>Excluded Groups</th></tr>
<tr><th colspan="8">Default suite</th></tr>
<tr><td><a href="#t0">Default test</a></td><td class="num">1</td><td class="num attn">2</td><td class="num">0</td><td class="num">0</td><td class="num">29,835</td><td></td><td></td></tr>
</table>
<table id='summary'><thead><tr><th>Class</th><th>Method</th><th>Start</th><th>Time (ms)</th></tr></thead><tbody><tr><th colspan="4">Default suite</th></tr></tbody><tbody id="t0"><tr><th colspan="4">Default test &#8212; skipped</th></tr><tr class="skippedeven"><td rowspan="2">primusRunner.PrimusRunner</td><td><a href="#m0">runScenario</a></td><td rowspan="2">1723439350758</td><td rowspan="2">8559</td></tr><tr class="skippedeven"><td><a href="#m1">runScenario</a></td></tr><tr><th colspan="4">Default test &#8212; passed</th></tr><tr class="passedeven"><td rowspan="1">primusRunner.PrimusRunner</td><td><a href="#m2">runScenario</a></td><td rowspan="1">1723439330098</td><td rowspan="1">12189</td></tr></tbody>
</table>
<h2>Default test</h2><h3 id="m0">primusRunner.PrimusRunner#runScenario</h3><table class="result"><tr class="param"><th>Parameter #1</th><th>Parameter #2</th></tr><tr class="param stripe"><td>&quot;As admin i want to Login with Different Username &amp; Password&quot;</td><td>&quot;Validate Primus Banking Login&quot;</td></tr><tr><th colspan="2">Messages</th></tr><tr><td colspan="2"><div class="messages"><div "result">launch browser with this url &quot;http:&#x2F;&#x2F;primusbank.qedgetech.com&#x2F;&quot; (PASSED : 7s)</div><br/><div "result">wait for text with &quot;xpath&quot; and &quot;(&#x2F;&#x2F;div[@class=&#x27;whitehead&#x27;])[1]&quot; (PASSED : 0s)</div><br/><div "result">enter the &quot;222&quot; with &quot;name&quot; and &quot;txtuId&quot; (PASSED : 0s)</div><br/><div "result">enter the &quot;Admin&quot; with &quot;name&quot; and &quot;txtPword&quot; (PASSED : 0s)</div><br/><div "result">click on login button with &quot;name&quot; and &quot;login&quot; (PASSED : 0s)</div><br/><div "result">wait for logout button with &quot;xpath&quot; and &quot;&#x2F;&#x2F;a[@href=&#x27;http:&#x2F;&#x2F;primusbank.qedgetech.com&#x27;]&quot; (FAILED : 0s)</div><br/><div "result">click on logout button with &quot;xpath&quot; and &quot;&#x2F;&#x2F;a[@href=&#x27;http:&#x2F;&#x2F;primusbank.qedgetech.com&#x27;]&quot; (SKIPPED)</div><br/><div "result">close browser (SKIPPED)</div></div></td></tr><tr><th colspan="2">Exception</th></tr><tr><td colspan="2"><div class="stacktrace">org.openqa.selenium.UnhandledAlertException: Unexpected alert dialog detected. Performed handler &quot;dismiss&quot;: 
Build info: version: &apos;4.18.0&apos;, revision: &apos;b6bf9de7cc*&apos;
System info: os.name: &apos;Windows 11&apos;, os.arch: &apos;amd64&apos;, os.version: &apos;10.0&apos;, java.version: &apos;17.0.11&apos;
Driver info: org.openqa.selenium.firefox.FirefoxDriver
Command: [6cf19ba7-219c-4ca7-9a65-7a4e53961338, findElement {value=//a[@href=&apos;http://primusbank.qedgetech.com&apos;], using=xpath}]
Capabilities {acceptInsecureCerts: true, browserName: firefox, browserVersion: 129.0, moz:accessibilityChecks: false, moz:buildID: 20240801122119, moz:geckodriverVersion: 0.35.0, moz:headless: false, moz:platformVersion: 10.0, moz:processID: 2644, moz:profile: C:\Users\uccha\AppData\Loca..., moz:shutdownTimeout: 60000, moz:webdriverClick: true, moz:windowless: false, pageLoadStrategy: normal, platformName: windows, proxy: Proxy(), setWindowRect: true, strictFileInteractability: false, timeouts: {implicit: 0, pageLoad: 300000, script: 30000}, unhandledPromptBehavior: dismiss and notify, userAgent: Mozilla/5.0 (Windows NT 10....}
Session ID: 6cf19ba7-219c-4ca7-9a65-7a4e53961338
	at org.openqa.selenium.remote.codec.w3c.W3CHttpResponseCodec.decode(W3CHttpResponseCodec.java:136)
	at org.openqa.selenium.remote.codec.w3c.W3CHttpResponseCodec.decode(W3CHttpResponseCodec.java:50)
	at org.openqa.selenium.remote.HttpCommandExecutor.execute(HttpCommandExecutor.java:190)
	at org.openqa.selenium.remote.service.DriverCommandExecutor.invokeExecute(DriverCommandExecutor.java:216)
	at org.openqa.selenium.remote.service.DriverCommandExecutor.execute(DriverCommandExecutor.java:174)
	at org.openqa.selenium.remote.RemoteWebDriver.execute(RemoteWebDriver.java:519)
	at org.openqa.selenium.remote.ElementLocation$ElementFinder$2.findElement(ElementLocation.java:165)
	at org.openqa.selenium.remote.ElementLocation.findElement(ElementLocation.java:59)
	at org.openqa.selenium.remote.RemoteWebDriver.findElement(RemoteWebDriver.java:356)
	at org.openqa.selenium.remote.RemoteWebDriver.findElement(RemoteWebDriver.java:350)
	at org.openqa.selenium.support.ui.ExpectedConditions$7.apply(ExpectedConditions.java:194)
	at org.openqa.selenium.support.ui.ExpectedConditions$7.apply(ExpectedConditions.java:190)
	at org.openqa.selenium.support.ui.FluentWait.until(FluentWait.java:203)
	at commonFunctions.BankFunctionLibrary.waitForElement(BankFunctionLibrary.java:29)
	at primusStepDefination.PrimusStepDefination.wait_for_logout_button_with_and(PrimusStepDefination.java:39)
	at ✽.wait for logout button with &quot;xpath&quot; and &quot;//a[@href=&apos;http://primusbank.qedgetech.com&apos;]&quot;(./FeatureFiles/PrimusLogin.feature:10)
</div></td></tr></table><p class="totop"><a href="#summary">back to summary</a></p>
<h3 id="m1">primusRunner.PrimusRunner#runScenario</h3><table class="result"><tr class="param"><th>Parameter #1</th><th>Parameter #2</th></tr><tr class="param stripe"><td>&quot;As admin i want to Login with Different Username &amp; Password&quot;</td><td>&quot;Validate Primus Banking Login&quot;</td></tr><tr><th colspan="2">Messages</th></tr><tr><td colspan="2"><div class="messages"><div "result">launch browser with this url &quot;http:&#x2F;&#x2F;primusbank.qedgetech.com&#x2F;&quot; (PASSED : 7s)</div><br/><div "result">wait for text with &quot;xpath&quot; and &quot;(&#x2F;&#x2F;div[@class=&#x27;whitehead&#x27;])[1]&quot; (PASSED : 0s)</div><br/><div "result">enter the &quot;Admin&quot; with &quot;name&quot; and &quot;txtuId&quot; (PASSED : 0s)</div><br/><div "result">enter the &quot;admin&quot; with &quot;name&quot; and &quot;txtPword&quot; (PASSED : 0s)</div><br/><div "result">click on login button with &quot;name&quot; and &quot;login&quot; (PASSED : 0s)</div><br/><div "result">wait for logout button with &quot;xpath&quot; and &quot;&#x2F;&#x2F;a[@href=&#x27;http:&#x2F;&#x2F;primusbank.qedgetech.com&#x27;]&quot; (FAILED : 0s)</div><br/><div "result">click on logout button with &quot;xpath&quot; and &quot;&#x2F;&#x2F;a[@href=&#x27;http:&#x2F;&#x2F;primusbank.qedgetech.com&#x27;]&quot; (SKIPPED)</div><br/><div "result">close browser (SKIPPED)</div></div></td></tr><tr><th colspan="2">Exception</th></tr><tr><td colspan="2"><div class="stacktrace">org.openqa.selenium.UnhandledAlertException: Unexpected alert dialog detected. Performed handler &quot;dismiss&quot;: 
Build info: version: &apos;4.18.0&apos;, revision: &apos;b6bf9de7cc*&apos;
System info: os.name: &apos;Windows 11&apos;, os.arch: &apos;amd64&apos;, os.version: &apos;10.0&apos;, java.version: &apos;17.0.11&apos;
Driver info: org.openqa.selenium.firefox.FirefoxDriver
Command: [14283711-6240-4e38-bbc2-8b9412bc8814, findElement {value=//a[@href=&apos;http://primusbank.qedgetech.com&apos;], using=xpath}]
Capabilities {acceptInsecureCerts: true, browserName: firefox, browserVersion: 129.0, moz:accessibilityChecks: false, moz:buildID: 20240801122119, moz:geckodriverVersion: 0.35.0, moz:headless: false, moz:platformVersion: 10.0, moz:processID: 13492, moz:profile: C:\Users\uccha\AppData\Loca..., moz:shutdownTimeout: 60000, moz:webdriverClick: true, moz:windowless: false, pageLoadStrategy: normal, platformName: windows, proxy: Proxy(), setWindowRect: true, strictFileInteractability: false, timeouts: {implicit: 0, pageLoad: 300000, script: 30000}, unhandledPromptBehavior: dismiss and notify, userAgent: Mozilla/5.0 (Windows NT 10....}
Session ID: 14283711-6240-4e38-bbc2-8b9412bc8814
	at org.openqa.selenium.remote.codec.w3c.W3CHttpResponseCodec.decode(W3CHttpResponseCodec.java:136)
	at org.openqa.selenium.remote.codec.w3c.W3CHttpResponseCodec.decode(W3CHttpResponseCodec.java:50)
	at org.openqa.selenium.remote.HttpCommandExecutor.execute(HttpCommandExecutor.java:190)
	at org.openqa.selenium.remote.service.DriverCommandExecutor.invokeExecute(DriverCommandExecutor.java:216)
	at org.openqa.selenium.remote.service.DriverCommandExecutor.execute(DriverCommandExecutor.java:174)
	at org.openqa.selenium.remote.RemoteWebDriver.execute(RemoteWebDriver.java:519)
	at org.openqa.selenium.remote.ElementLocation$ElementFinder$2.findElement(ElementLocation.java:165)
	at org.openqa.selenium.remote.ElementLocation.findElement(ElementLocation.java:59)
	at org.openqa.selenium.remote.RemoteWebDriver.findElement(RemoteWebDriver.java:356)
	at org.openqa.selenium.remote.RemoteWebDriver.findElement(RemoteWebDriver.java:350)
	at org.openqa.selenium.support.ui.ExpectedConditions$7.apply(ExpectedConditions.java:194)
	at org.openqa.selenium.support.ui.ExpectedConditions$7.apply(ExpectedConditions.java:190)
	at org.openqa.selenium.support.ui.FluentWait.until(FluentWait.java:203)
	at commonFunctions.BankFunctionLibrary.waitForElement(BankFunctionLibrary.java:29)
	at primusStepDefination.PrimusStepDefination.wait_for_logout_button_with_and(PrimusStepDefination.java:39)
	at ✽.wait for logout button with &quot;xpath&quot; and &quot;//a[@href=&apos;http://primusbank.qedgetech.com&apos;]&quot;(./FeatureFiles/PrimusLogin.feature:10)
</div></td></tr></table><p class="totop"><a href="#summary">back to summary</a></p>
<h3 id="m2">primusRunner.PrimusRunner#runScenario</h3><table class="result"><tr class="param"><th>Parameter #1</th><th>Parameter #2</th></tr><tr class="param stripe"><td>&quot;As admin i want to Login with Different Username &amp; Password&quot;</td><td>&quot;Validate Primus Banking Login&quot;</td></tr><tr><th colspan="2">Messages</th></tr><tr><td colspan="2"><div class="messages"><div "result">launch browser with this url &quot;http:&#x2F;&#x2F;primusbank.qedgetech.com&#x2F;&quot; (PASSED : 9s)</div><br/><div "result">wait for text with &quot;xpath&quot; and &quot;(&#x2F;&#x2F;div[@class=&#x27;whitehead&#x27;])[1]&quot; (PASSED : 0s)</div><br/><div "result">enter the &quot;Admin&quot; with &quot;name&quot; and &quot;txtuId&quot; (PASSED : 0s)</div><br/><div "result">enter the &quot;Admin&quot; with &quot;name&quot; and &quot;txtPword&quot; (PASSED : 0s)</div><br/><div "result">click on login button with &quot;name&quot; and &quot;login&quot; (PASSED : 0s)</div><br/><div "result">wait for logout button with &quot;xpath&quot; and &quot;&#x2F;&#x2F;a[@href=&#x27;http:&#x2F;&#x2F;primusbank.qedgetech.com&#x27;]&quot; (PASSED : 0s)</div><br/><div "result">click on logout button with &quot;xpath&quot; and &quot;&#x2F;&#x2F;a[@href=&#x27;http:&#x2F;&#x2F;primusbank.qedgetech.com&#x27;]&quot; (PASSED : 0s)</div><br/><div "result">close browser (PASSED : 1s)</div></div></td></tr></table><p class="totop"><a href="#summary">back to summary</a></p>
</body>
</html>
